./app/views/admin/photos/edit.html.haml
./app/views/admin/photos/show.html.haml
./app/views/admin/photos/new.html.haml
./app/views/admin/photographers/edit.html.haml
./app/views/admin/photographer_sessions/new.html.haml
./app/views/admin/galleries/edit.html.haml
./app/views/admin/galleries/new.html.haml
./app/views/admin/product_sizes/edit.html.haml
./app/views/admin/product_sizes/new.html.haml
./app/views/admin/clients/edit.html.haml
./app/views/admin/clients/new.html.haml
./app/views/admin/packages/edit.html.haml
./app/views/admin/packages/new.html.haml
./app/views/admin/bookings/edit.html.haml
./app/views/admin/bookings/new.html.haml
./app/views/admin/quotes/edit.html.haml
./app/views/admin/quotes/new.html.haml
./app/views/admin/products/edit.html.haml
./app/views/admin/products/new.html.haml
./app/views/admin/photographer_password_resets/edit.html.haml
./app/views/admin/pages/edit.html.haml
./app/views/admin/pages/new.html.haml
./app/views/admin/gallery_photos/edit.html.haml
./app/views/admin/gallery_photos/new.html.haml
./app/views/client/client_sessions/new.html.haml
./app/views/client/photos/show.html.haml
./app/views/client/client_password_resets/edit.html.haml
./log/development.log
./vendor/plugins/rails_upgrade/lib/application_checker.rb
./vendor/plugins/rails_upgrade/test/application_checker_test.rb
./vendor/plugins-to-remove/paperclip/README.rdoc
