(in /home/lsoave/rails/altrove/lauranovara)
                                                   /(.:format)                                                               {:action=>"index", :controller=>"home"}
                               config_error        /config_error(.:format)                                                   {:action=>"config_error", :controller=>"home"}
                                  not_found        /not_found(.:format)                                                      {:action=>"not_found", :controller=>"home"}
                                  timestamp        /timestamp(.:format)                                                      {:action=>"timestamp", :controller=>"home"}
                              sitemap_index GET    /sitemap(.:format)                                                        {:action=>"index", :controller=>"sitemap"}
                              sitemap_index POST   /sitemap(.:format)                                                        {:action=>"create", :controller=>"sitemap"}
                                new_sitemap GET    /sitemap/new(.:format)                                                    {:action=>"new", :controller=>"sitemap"}
                               edit_sitemap GET    /sitemap/:id/edit(.:format)                                               {:action=>"edit", :controller=>"sitemap"}
                                    sitemap GET    /sitemap/:id(.:format)                                                    {:action=>"show", :controller=>"sitemap"}
                                    sitemap PUT    /sitemap/:id(.:format)                                                    {:action=>"update", :controller=>"sitemap"}
                                    sitemap DELETE /sitemap/:id(.:format)                                                    {:action=>"destroy", :controller=>"sitemap"}
                              slide_gallery GET    /galleries/:id/slide(.:format)                                            {:action=>"slide", :controller=>"galleries"}
                                  galleries GET    /galleries(.:format)                                                      {:action=>"index", :controller=>"galleries"}
                                  galleries POST   /galleries(.:format)                                                      {:action=>"create", :controller=>"galleries"}
                                new_gallery GET    /galleries/new(.:format)                                                  {:action=>"new", :controller=>"galleries"}
                               edit_gallery GET    /galleries/:id/edit(.:format)                                             {:action=>"edit", :controller=>"galleries"}
                                    gallery GET    /galleries/:id(.:format)                                                  {:action=>"show", :controller=>"galleries"}
                                    gallery PUT    /galleries/:id(.:format)                                                  {:action=>"update", :controller=>"galleries"}
                                    gallery DELETE /galleries/:id(.:format)                                                  {:action=>"destroy", :controller=>"galleries"}
                                      pages GET    /pages(.:format)                                                          {:action=>"index", :controller=>"pages"}
                                      pages POST   /pages(.:format)                                                          {:action=>"create", :controller=>"pages"}
                                   new_page GET    /pages/new(.:format)                                                      {:action=>"new", :controller=>"pages"}
                                  edit_page GET    /pages/:id/edit(.:format)                                                 {:action=>"edit", :controller=>"pages"}
                                       page GET    /pages/:id(.:format)                                                      {:action=>"show", :controller=>"pages"}
                                       page PUT    /pages/:id(.:format)                                                      {:action=>"update", :controller=>"pages"}
                                       page DELETE /pages/:id(.:format)                                                      {:action=>"destroy", :controller=>"pages"}
                               client_error        /client/error(.:format)                                                   {:action=>"index", :controller=>"client/home"}
                                     client        /client(.:format)                                                         {:action=>"index", :controller=>"client/bookings"}
                      client_client_session POST   /client/client_session(.:format)                                          {:action=>"create", :controller=>"client/client_sessions"}
                  new_client_client_session GET    /client/client_session/new(.:format)                                      {:action=>"new", :controller=>"client/client_sessions"}
                 edit_client_client_session GET    /client/client_session/edit(.:format)                                     {:action=>"edit", :controller=>"client/client_sessions"}
                      client_client_session GET    /client/client_session(.:format)                                          {:action=>"show", :controller=>"client/client_sessions"}
                      client_client_session PUT    /client/client_session(.:format)                                          {:action=>"update", :controller=>"client/client_sessions"}
                      client_client_session DELETE /client/client_session(.:format)                                          {:action=>"destroy", :controller=>"client/client_sessions"}
                               client_login        /client/login(.:format)                                                   {:action=>"new", :controller=>"client/client_sessions"}
                              client_logout        /client/logout(.:format)                                                  {:action=>"destroy", :controller=>"client/client_sessions"}
              client_client_password_resets GET    /client/client_password_resets(.:format)                                  {:action=>"index", :controller=>"client/client_password_resets"}
              client_client_password_resets POST   /client/client_password_resets(.:format)                                  {:action=>"create", :controller=>"client/client_password_resets"}
           new_client_client_password_reset GET    /client/client_password_resets/new(.:format)                              {:action=>"new", :controller=>"client/client_password_resets"}
          edit_client_client_password_reset GET    /client/client_password_resets/:id/edit(.:format)                         {:action=>"edit", :controller=>"client/client_password_resets"}
               client_client_password_reset GET    /client/client_password_resets/:id(.:format)                              {:action=>"show", :controller=>"client/client_password_resets"}
               client_client_password_reset PUT    /client/client_password_resets/:id(.:format)                              {:action=>"update", :controller=>"client/client_password_resets"}
               client_client_password_reset DELETE /client/client_password_resets/:id(.:format)                              {:action=>"destroy", :controller=>"client/client_password_resets"}
                            client_bookings GET    /client/bookings(.:format)                                                {:action=>"index", :controller=>"client/bookings"}
                            client_bookings POST   /client/bookings(.:format)                                                {:action=>"create", :controller=>"client/bookings"}
                         new_client_booking GET    /client/bookings/new(.:format)                                            {:action=>"new", :controller=>"client/bookings"}
                        edit_client_booking GET    /client/bookings/:id/edit(.:format)                                       {:action=>"edit", :controller=>"client/bookings"}
                             client_booking GET    /client/bookings/:id(.:format)                                            {:action=>"show", :controller=>"client/bookings"}
                             client_booking PUT    /client/bookings/:id(.:format)                                            {:action=>"update", :controller=>"client/bookings"}
                             client_booking DELETE /client/bookings/:id(.:format)                                            {:action=>"destroy", :controller=>"client/bookings"}
                              client_photos GET    /client/photos(.:format)                                                  {:action=>"index", :controller=>"client/photos"}
                              client_photos POST   /client/photos(.:format)                                                  {:action=>"create", :controller=>"client/photos"}
                           new_client_photo GET    /client/photos/new(.:format)                                              {:action=>"new", :controller=>"client/photos"}
                          edit_client_photo GET    /client/photos/:id/edit(.:format)                                         {:action=>"edit", :controller=>"client/photos"}
                               client_photo GET    /client/photos/:id(.:format)                                              {:action=>"show", :controller=>"client/photos"}
                               client_photo PUT    /client/photos/:id(.:format)                                              {:action=>"update", :controller=>"client/photos"}
                               client_photo DELETE /client/photos/:id(.:format)                                              {:action=>"destroy", :controller=>"client/photos"}
                                      admin        /admin(.:format)                                                          {:action=>"index", :controller=>"admin/galleries"}
                 admin_photographer_session POST   /admin/photographer_session(.:format)                                     {:action=>"create", :controller=>"admin/photographer_sessions"}
             new_admin_photographer_session GET    /admin/photographer_session/new(.:format)                                 {:action=>"new", :controller=>"admin/photographer_sessions"}
            edit_admin_photographer_session GET    /admin/photographer_session/edit(.:format)                                {:action=>"edit", :controller=>"admin/photographer_sessions"}
                 admin_photographer_session GET    /admin/photographer_session(.:format)                                     {:action=>"show", :controller=>"admin/photographer_sessions"}
                 admin_photographer_session PUT    /admin/photographer_session(.:format)                                     {:action=>"update", :controller=>"admin/photographer_sessions"}
                 admin_photographer_session DELETE /admin/photographer_session(.:format)                                     {:action=>"destroy", :controller=>"admin/photographer_sessions"}
                                admin_login        /admin/login(.:format)                                                    {:action=>"new", :controller=>"admin/photographer_sessions"}
                               admin_logout        /admin/logout(.:format)                                                   {:action=>"destroy", :controller=>"admin/photographer_sessions"}
                         admin_photographer POST   /admin/photographer(.:format)                                             {:action=>"create", :controller=>"admin/photographers"}
                     new_admin_photographer GET    /admin/photographer/new(.:format)                                         {:action=>"new", :controller=>"admin/photographers"}
                    edit_admin_photographer GET    /admin/photographer/edit(.:format)                                        {:action=>"edit", :controller=>"admin/photographers"}
                         admin_photographer GET    /admin/photographer(.:format)                                             {:action=>"show", :controller=>"admin/photographers"}
                         admin_photographer PUT    /admin/photographer(.:format)                                             {:action=>"update", :controller=>"admin/photographers"}
                         admin_photographer DELETE /admin/photographer(.:format)                                             {:action=>"destroy", :controller=>"admin/photographers"}
         admin_photographer_password_resets GET    /admin/photographer_password_resets(.:format)                             {:action=>"index", :controller=>"admin/photographer_password_resets"}
         admin_photographer_password_resets POST   /admin/photographer_password_resets(.:format)                             {:action=>"create", :controller=>"admin/photographer_password_resets"}
      new_admin_photographer_password_reset GET    /admin/photographer_password_resets/new(.:format)                         {:action=>"new", :controller=>"admin/photographer_password_resets"}
     edit_admin_photographer_password_reset GET    /admin/photographer_password_resets/:id/edit(.:format)                    {:action=>"edit", :controller=>"admin/photographer_password_resets"}
          admin_photographer_password_reset GET    /admin/photographer_password_resets/:id(.:format)                         {:action=>"show", :controller=>"admin/photographer_password_resets"}
          admin_photographer_password_reset PUT    /admin/photographer_password_resets/:id(.:format)                         {:action=>"update", :controller=>"admin/photographer_password_resets"}
          admin_photographer_password_reset DELETE /admin/photographer_password_resets/:id(.:format)                         {:action=>"destroy", :controller=>"admin/photographer_password_resets"}
       update_position_admin_client_booking PUT    /admin/clients/:client_id/bookings/:id/update_position(.:format)          {:action=>"update_position", :controller=>"admin/bookings"}
                      admin_client_bookings GET    /admin/clients/:client_id/bookings(.:format)                              {:action=>"index", :controller=>"admin/bookings"}
                      admin_client_bookings POST   /admin/clients/:client_id/bookings(.:format)                              {:action=>"create", :controller=>"admin/bookings"}
                   new_admin_client_booking GET    /admin/clients/:client_id/bookings/new(.:format)                          {:action=>"new", :controller=>"admin/bookings"}
                  edit_admin_client_booking GET    /admin/clients/:client_id/bookings/:id/edit(.:format)                     {:action=>"edit", :controller=>"admin/bookings"}
                       admin_client_booking GET    /admin/clients/:client_id/bookings/:id(.:format)                          {:action=>"show", :controller=>"admin/bookings"}
                       admin_client_booking PUT    /admin/clients/:client_id/bookings/:id(.:format)                          {:action=>"update", :controller=>"admin/bookings"}
                       admin_client_booking DELETE /admin/clients/:client_id/bookings/:id(.:format)                          {:action=>"destroy", :controller=>"admin/bookings"}
                              admin_clients GET    /admin/clients(.:format)                                                  {:action=>"index", :controller=>"admin/clients"}
                              admin_clients POST   /admin/clients(.:format)                                                  {:action=>"create", :controller=>"admin/clients"}
                           new_admin_client GET    /admin/clients/new(.:format)                                              {:action=>"new", :controller=>"admin/clients"}
                          edit_admin_client GET    /admin/clients/:id/edit(.:format)                                         {:action=>"edit", :controller=>"admin/clients"}
                               admin_client GET    /admin/clients/:id(.:format)                                              {:action=>"show", :controller=>"admin/clients"}
                               admin_client PUT    /admin/clients/:id(.:format)                                              {:action=>"update", :controller=>"admin/clients"}
                               admin_client DELETE /admin/clients/:id(.:format)                                              {:action=>"destroy", :controller=>"admin/clients"}
          flash_upload_admin_booking_photos POST   /admin/bookings/:booking_id/photos/flash_upload(.:format)                 {:action=>"flash_upload", :controller=>"admin/photos"}
               ajax_row_admin_booking_photo GET    /admin/bookings/:booking_id/photos/:id/ajax_row(.:format)                 {:action=>"ajax_row", :controller=>"admin/photos"}
                       admin_booking_photos GET    /admin/bookings/:booking_id/photos(.:format)                              {:action=>"index", :controller=>"admin/photos"}
                       admin_booking_photos POST   /admin/bookings/:booking_id/photos(.:format)                              {:action=>"create", :controller=>"admin/photos"}
                    new_admin_booking_photo GET    /admin/bookings/:booking_id/photos/new(.:format)                          {:action=>"new", :controller=>"admin/photos"}
                   edit_admin_booking_photo GET    /admin/bookings/:booking_id/photos/:id/edit(.:format)                     {:action=>"edit", :controller=>"admin/photos"}
                        admin_booking_photo GET    /admin/bookings/:booking_id/photos/:id(.:format)                          {:action=>"show", :controller=>"admin/photos"}
                        admin_booking_photo PUT    /admin/bookings/:booking_id/photos/:id(.:format)                          {:action=>"update", :controller=>"admin/photos"}
                        admin_booking_photo DELETE /admin/bookings/:booking_id/photos/:id(.:format)                          {:action=>"destroy", :controller=>"admin/photos"}
               admin_booking_photo_comments GET    /admin/bookings/:booking_id/photo_comments(.:format)                      {:action=>"index", :controller=>"admin/photo_comments"}
               admin_booking_photo_comments POST   /admin/bookings/:booking_id/photo_comments(.:format)                      {:action=>"create", :controller=>"admin/photo_comments"}
            new_admin_booking_photo_comment GET    /admin/bookings/:booking_id/photo_comments/new(.:format)                  {:action=>"new", :controller=>"admin/photo_comments"}
           edit_admin_booking_photo_comment GET    /admin/bookings/:booking_id/photo_comments/:id/edit(.:format)             {:action=>"edit", :controller=>"admin/photo_comments"}
                admin_booking_photo_comment GET    /admin/bookings/:booking_id/photo_comments/:id(.:format)                  {:action=>"show", :controller=>"admin/photo_comments"}
                admin_booking_photo_comment PUT    /admin/bookings/:booking_id/photo_comments/:id(.:format)                  {:action=>"update", :controller=>"admin/photo_comments"}
                admin_booking_photo_comment DELETE /admin/bookings/:booking_id/photo_comments/:id(.:format)                  {:action=>"destroy", :controller=>"admin/photo_comments"}
                             admin_bookings GET    /admin/bookings(.:format)                                                 {:action=>"index", :controller=>"admin/bookings"}
                             admin_bookings POST   /admin/bookings(.:format)                                                 {:action=>"create", :controller=>"admin/bookings"}
                          new_admin_booking GET    /admin/bookings/new(.:format)                                             {:action=>"new", :controller=>"admin/bookings"}
                         edit_admin_booking GET    /admin/bookings/:id/edit(.:format)                                        {:action=>"edit", :controller=>"admin/bookings"}
                              admin_booking GET    /admin/bookings/:id(.:format)                                             {:action=>"show", :controller=>"admin/bookings"}
                              admin_booking PUT    /admin/bookings/:id(.:format)                                             {:action=>"update", :controller=>"admin/bookings"}
                              admin_booking DELETE /admin/bookings/:id(.:format)                                             {:action=>"destroy", :controller=>"admin/bookings"}
                          admin_photo_index GET    /admin/photo(.:format)                                                    {:action=>"index", :controller=>"admin/photo"}
                          admin_photo_index POST   /admin/photo(.:format)                                                    {:action=>"create", :controller=>"admin/photo"}
                            new_admin_photo GET    /admin/photo/new(.:format)                                                {:action=>"new", :controller=>"admin/photo"}
                           edit_admin_photo GET    /admin/photo/:id/edit(.:format)                                           {:action=>"edit", :controller=>"admin/photo"}
                                admin_photo GET    /admin/photo/:id(.:format)                                                {:action=>"show", :controller=>"admin/photo"}
                                admin_photo PUT    /admin/photo/:id(.:format)                                                {:action=>"update", :controller=>"admin/photo"}
                                admin_photo DELETE /admin/photo/:id(.:format)                                                {:action=>"destroy", :controller=>"admin/photo"}
  flash_upload_admin_gallery_gallery_photos POST   /admin/galleries/:gallery_id/gallery_photos/flash_upload(.:format)        {:action=>"flash_upload", :controller=>"admin/gallery_photos"}
update_position_admin_gallery_gallery_photo PUT    /admin/galleries/:gallery_id/gallery_photos/:id/update_position(.:format) {:action=>"update_position", :controller=>"admin/gallery_photos"}
               admin_gallery_gallery_photos GET    /admin/galleries/:gallery_id/gallery_photos(.:format)                     {:action=>"index", :controller=>"admin/gallery_photos"}
               admin_gallery_gallery_photos POST   /admin/galleries/:gallery_id/gallery_photos(.:format)                     {:action=>"create", :controller=>"admin/gallery_photos"}
            new_admin_gallery_gallery_photo GET    /admin/galleries/:gallery_id/gallery_photos/new(.:format)                 {:action=>"new", :controller=>"admin/gallery_photos"}
           edit_admin_gallery_gallery_photo GET    /admin/galleries/:gallery_id/gallery_photos/:id/edit(.:format)            {:action=>"edit", :controller=>"admin/gallery_photos"}
                admin_gallery_gallery_photo GET    /admin/galleries/:gallery_id/gallery_photos/:id(.:format)                 {:action=>"show", :controller=>"admin/gallery_photos"}
                admin_gallery_gallery_photo PUT    /admin/galleries/:gallery_id/gallery_photos/:id(.:format)                 {:action=>"update", :controller=>"admin/gallery_photos"}
                admin_gallery_gallery_photo DELETE /admin/galleries/:gallery_id/gallery_photos/:id(.:format)                 {:action=>"destroy", :controller=>"admin/gallery_photos"}
                            admin_galleries GET    /admin/galleries(.:format)                                                {:action=>"index", :controller=>"admin/galleries"}
                            admin_galleries POST   /admin/galleries(.:format)                                                {:action=>"create", :controller=>"admin/galleries"}
                          new_admin_gallery GET    /admin/galleries/new(.:format)                                            {:action=>"new", :controller=>"admin/galleries"}
                         edit_admin_gallery GET    /admin/galleries/:id/edit(.:format)                                       {:action=>"edit", :controller=>"admin/galleries"}
                              admin_gallery GET    /admin/galleries/:id(.:format)                                            {:action=>"show", :controller=>"admin/galleries"}
                              admin_gallery PUT    /admin/galleries/:id(.:format)                                            {:action=>"update", :controller=>"admin/galleries"}
                              admin_gallery DELETE /admin/galleries/:id(.:format)                                            {:action=>"destroy", :controller=>"admin/galleries"}
                 update_position_admin_page PUT    /admin/pages/:id/update_position(.:format)                                {:action=>"update_position", :controller=>"admin/pages"}
                                admin_pages GET    /admin/pages(.:format)                                                    {:action=>"index", :controller=>"admin/pages"}
                                admin_pages POST   /admin/pages(.:format)                                                    {:action=>"create", :controller=>"admin/pages"}
                             new_admin_page GET    /admin/pages/new(.:format)                                                {:action=>"new", :controller=>"admin/pages"}
                            edit_admin_page GET    /admin/pages/:id/edit(.:format)                                           {:action=>"edit", :controller=>"admin/pages"}
                                 admin_page GET    /admin/pages/:id(.:format)                                                {:action=>"show", :controller=>"admin/pages"}
                                 admin_page PUT    /admin/pages/:id(.:format)                                                {:action=>"update", :controller=>"admin/pages"}
                                 admin_page DELETE /admin/pages/:id(.:format)                                                {:action=>"destroy", :controller=>"admin/pages"}
                update_position_admin_quote PUT    /admin/quotes/:id/update_position(.:format)                               {:action=>"update_position", :controller=>"admin/quotes"}
                               admin_quotes GET    /admin/quotes(.:format)                                                   {:action=>"index", :controller=>"admin/quotes"}
                               admin_quotes POST   /admin/quotes(.:format)                                                   {:action=>"create", :controller=>"admin/quotes"}
                            new_admin_quote GET    /admin/quotes/new(.:format)                                               {:action=>"new", :controller=>"admin/quotes"}
                           edit_admin_quote GET    /admin/quotes/:id/edit(.:format)                                          {:action=>"edit", :controller=>"admin/quotes"}
                                admin_quote GET    /admin/quotes/:id(.:format)                                               {:action=>"show", :controller=>"admin/quotes"}
                                admin_quote PUT    /admin/quotes/:id(.:format)                                               {:action=>"update", :controller=>"admin/quotes"}
                                admin_quote DELETE /admin/quotes/:id(.:format)                                               {:action=>"destroy", :controller=>"admin/quotes"}
              update_position_admin_package PUT    /admin/packages/:id/update_position(.:format)                             {:action=>"update_position", :controller=>"admin/packages"}
                             admin_packages GET    /admin/packages(.:format)                                                 {:action=>"index", :controller=>"admin/packages"}
                             admin_packages POST   /admin/packages(.:format)                                                 {:action=>"create", :controller=>"admin/packages"}
                          new_admin_package GET    /admin/packages/new(.:format)                                             {:action=>"new", :controller=>"admin/packages"}
                         edit_admin_package GET    /admin/packages/:id/edit(.:format)                                        {:action=>"edit", :controller=>"admin/packages"}
                              admin_package GET    /admin/packages/:id(.:format)                                             {:action=>"show", :controller=>"admin/packages"}
                              admin_package PUT    /admin/packages/:id(.:format)                                             {:action=>"update", :controller=>"admin/packages"}
                              admin_package DELETE /admin/packages/:id(.:format)                                             {:action=>"destroy", :controller=>"admin/packages"}
 update_position_admin_product_product_size PUT    /admin/products/:product_id/product_sizes/:id/update_position(.:format)   {:action=>"update_position", :controller=>"admin/product_sizes"}
                admin_product_product_sizes GET    /admin/products/:product_id/product_sizes(.:format)                       {:action=>"index", :controller=>"admin/product_sizes"}
                admin_product_product_sizes POST   /admin/products/:product_id/product_sizes(.:format)                       {:action=>"create", :controller=>"admin/product_sizes"}
             new_admin_product_product_size GET    /admin/products/:product_id/product_sizes/new(.:format)                   {:action=>"new", :controller=>"admin/product_sizes"}
            edit_admin_product_product_size GET    /admin/products/:product_id/product_sizes/:id/edit(.:format)              {:action=>"edit", :controller=>"admin/product_sizes"}
                 admin_product_product_size GET    /admin/products/:product_id/product_sizes/:id(.:format)                   {:action=>"show", :controller=>"admin/product_sizes"}
                 admin_product_product_size PUT    /admin/products/:product_id/product_sizes/:id(.:format)                   {:action=>"update", :controller=>"admin/product_sizes"}
                 admin_product_product_size DELETE /admin/products/:product_id/product_sizes/:id(.:format)                   {:action=>"destroy", :controller=>"admin/product_sizes"}
                             admin_products GET    /admin/products(.:format)                                                 {:action=>"index", :controller=>"admin/products"}
                             admin_products POST   /admin/products(.:format)                                                 {:action=>"create", :controller=>"admin/products"}
                          new_admin_product GET    /admin/products/new(.:format)                                             {:action=>"new", :controller=>"admin/products"}
                         edit_admin_product GET    /admin/products/:id/edit(.:format)                                        {:action=>"edit", :controller=>"admin/products"}
                              admin_product GET    /admin/products/:id(.:format)                                             {:action=>"show", :controller=>"admin/products"}
                              admin_product PUT    /admin/products/:id(.:format)                                             {:action=>"update", :controller=>"admin/products"}
                              admin_product DELETE /admin/products/:id(.:format)                                             {:action=>"destroy", :controller=>"admin/products"}
